[debug] [2023-05-26T13:36:53.476Z] ----------------------------------------------------------------------
[debug] [2023-05-26T13:36:53.477Z] Command:       /usr/local/bin/node /usr/local/bin/firebase init
[debug] [2023-05-26T13:36:53.477Z] CLI Version:   12.2.1
[debug] [2023-05-26T13:36:53.477Z] Platform:      darwin
[debug] [2023-05-26T13:36:53.477Z] Node Version:  v18.16.0
[debug] [2023-05-26T13:36:53.486Z] Time:          Fri May 26 2023 16:36:53 GMT+0300 (Arabian Standard Time)
[debug] [2023-05-26T13:36:53.486Z] ----------------------------------------------------------------------
[debug] 
[debug] [2023-05-26T13:36:53.518Z] > command requires scopes: ["email","openid","https://www.googleapis.com/auth/cloudplatformprojects.readonly","https://www.googleapis.com/auth/firebase","https://www.googleapis.com/auth/cloud-platform"]
[debug] [2023-05-26T13:36:53.518Z] > authorizing via signed-in user (mostafaradwan1001@gmail.com)
[info] 
     ######## #### ########  ######## ########     ###     ######  ########
     ##        ##  ##     ## ##       ##     ##  ##   ##  ##       ##
     ######    ##  ########  ######   ########  #########  ######  ######
     ##        ##  ##    ##  ##       ##     ## ##     ##       ## ##
     ##       #### ##     ## ######## ########  ##     ##  ######  ########

You're about to initialize a Firebase project in this directory:

  /Users/yousrygamal/Desktop/codecanyon-Ut39CTGQ-grofresh-grocery-pharmacy-ecommerce-store-app-and-web-with-laravel-admin-panel-delivery-app/User app and web/android

Before we get started, keep in mind:

  * You are initializing within an existing Firebase project directory

